{
  "RSpec": {
    "coverage": {
      "/Users/naoyuki/lerning/rails/belayer/spec/mailers/notice_spec.rb": {
        "lines": [
          1,
          null,
          1,
          1,
          3,
          3,
          null,
          1,
          1,
          1,
          1,
          null,
          null,
          1,
          1,
          null,
          null,
          null
        ]
      },
      "/Users/naoyuki/lerning/rails/belayer/spec/rails_helper.rb": {
        "lines": [
          null,
          1,
          1,
          1,
          null,
          1,
          1,
          null,
          null,
          null,
          null,
          null,
          null,
          null,
          null,
          null,
          null,
          null,
          null,
          null,
          null,
          null,
          2,
          null,
          null,
          null,
          null,
          1,
          null,
          0,
          0,
          null,
          1,
          null,
          1,
          null,
          null,
          null,
          null,
          1,
          null,
          null,
          null,
          null,
          null,
          null,
          null,
          null,
          null,
          null,
          null,
          null,
          null,
          null,
          null,
          null,
          null,
          1,
          null,
          null,
          1,
          null,
          null,
          null,
          1,
          null,
          1,
          null
        ]
      },
      "/Users/naoyuki/lerning/rails/belayer/app/helpers/answers_helper.rb": {
        "lines": [
          1,
          null
        ]
      },
      "/Users/naoyuki/lerning/rails/belayer/app/helpers/application_helper.rb": {
        "lines": [
          1,
          null
        ]
      },
      "/Users/naoyuki/lerning/rails/belayer/app/helpers/posts_helper.rb": {
        "lines": [
          1,
          null
        ]
      },
      "/Users/naoyuki/lerning/rails/belayer/app/helpers/rooms_helper.rb": {
        "lines": [
          1,
          null
        ]
      },
      "/Users/naoyuki/lerning/rails/belayer/spec/support/capybara.rb": {
        "lines": [
          1,
          1,
          6,
          null,
          null,
          1,
          0,
          null,
          null,
          null,
          1
        ]
      },
      "/Users/naoyuki/lerning/rails/belayer/app/mailers/notice_mailer.rb": {
        "lines": [
          1,
          null,
          null,
          null,
          null,
          null,
          null,
          1,
          2,
          2,
          null,
          2,
          null,
          null
        ]
      },
      "/Users/naoyuki/lerning/rails/belayer/app/mailers/application_mailer.rb": {
        "lines": [
          1,
          1,
          1,
          null
        ]
      },
      "/Users/naoyuki/lerning/rails/belayer/spec/models/answer_spec.rb": {
        "lines": [
          1,
          null,
          1,
          1,
          3,
          3,
          3,
          3,
          3,
          null,
          null,
          1,
          1,
          null,
          null,
          1,
          1,
          1,
          null,
          null,
          1,
          1,
          1,
          null,
          null,
          null
        ]
      },
      "/Users/naoyuki/lerning/rails/belayer/app/models/answer.rb": {
        "lines": [
          1,
          1,
          null,
          1,
          1,
          1,
          null,
          1,
          0,
          0,
          null,
          null,
          null,
          null,
          null,
          null,
          null,
          1,
          null,
          0,
          null,
          null,
          0,
          0,
          null,
          null
        ]
      },
      "/Users/naoyuki/lerning/rails/belayer/spec/models/post_spec.rb": {
        "lines": [
          1,
          null,
          1,
          6,
          6,
          null,
          1,
          1,
          null,
          null,
          1,
          1,
          1,
          null,
          null,
          1,
          1,
          null,
          1,
          1,
          null,
          null,
          1,
          1,
          null,
          1,
          1,
          null,
          null,
          1,
          1,
          null,
          1,
          1,
          null,
          null,
          null,
          null
        ]
      },
      "/Users/naoyuki/lerning/rails/belayer/app/models/post.rb": {
        "lines": [
          1,
          1,
          1,
          1,
          null,
          1,
          null,
          1,
          1,
          null,
          1,
          null,
          null,
          null,
          null,
          null,
          null
        ]
      },
      "/Users/naoyuki/lerning/rails/belayer/spec/models/room_spec.rb": {
        "lines": [
          1,
          null,
          1,
          1,
          1,
          1,
          null,
          null
        ]
      },
      "/Users/naoyuki/lerning/rails/belayer/app/models/room.rb": {
        "lines": [
          1,
          1,
          null,
          1,
          1,
          null,
          1,
          null
        ]
      },
      "/Users/naoyuki/lerning/rails/belayer/spec/models/user_spec.rb": {
        "lines": [
          1,
          null,
          1,
          1,
          1,
          1,
          null,
          null
        ]
      },
      "/Users/naoyuki/lerning/rails/belayer/spec/requests/answers_spec.rb": {
        "lines": [
          1,
          null,
          1,
          null,
          1,
          11,
          11,
          11,
          null,
          null,
          1,
          1,
          1,
          2,
          2,
          2,
          2,
          null,
          null,
          1,
          1,
          null,
          null,
          null,
          null,
          null,
          1,
          null,
          null,
          1,
          1,
          null,
          null,
          null,
          null,
          null,
          1,
          null,
          null,
          null,
          1,
          1,
          1,
          1,
          null,
          null,
          1,
          1,
          1,
          null,
          null,
          null,
          null,
          1,
          1,
          1,
          5,
          5,
          5,
          5,
          5,
          null,
          null,
          1,
          1,
          1,
          null,
          null,
          1,
          1,
          1,
          1,
          2,
          null,
          null,
          1,
          1,
          1,
          null,
          null,
          null,
          1,
          1,
          2,
          null,
          null,
          1,
          1,
          1,
          null,
          null,
          null,
          1,
          1,
          1,
          null,
          null,
          null,
          null,
          1,
          1,
          1,
          1,
          null,
          null,
          1,
          1,
          1,
          null,
          null,
          null,
          null
        ]
      },
      "/Users/naoyuki/lerning/rails/belayer/spec/requests/posts_spec.rb": {
        "lines": [
          1,
          null,
          1,
          null,
          1,
          4,
          null,
          null,
          1,
          3,
          null,
          null,
          26,
          null,
          1,
          1,
          1,
          2,
          2,
          null,
          null,
          1,
          1,
          1,
          null,
          null,
          1,
          1,
          1,
          null,
          null,
          null,
          1,
          1,
          1,
          1,
          null,
          null,
          1,
          1,
          1,
          null,
          null,
          null,
          null,
          1,
          1,
          1,
          2,
          2,
          null,
          null,
          1,
          1,
          1,
          null,
          null,
          1,
          1,
          1,
          null,
          null,
          null,
          1,
          1,
          2,
          null,
          null,
          1,
          1,
          1,
          null,
          null,
          1,
          1,
          1,
          null,
          null,
          null,
          null,
          1,
          1,
          1,
          2,
          2,
          null,
          null,
          1,
          1,
          1,
          null,
          null,
          1,
          1,
          1,
          null,
          null,
          null,
          1,
          1,
          1,
          1,
          null,
          null,
          1,
          1,
          1,
          null,
          null,
          null,
          null,
          1,
          1,
          1,
          2,
          2,
          null,
          null,
          1,
          1,
          1,
          null,
          null,
          1,
          1,
          1,
          null,
          null,
          null,
          1,
          1,
          2,
          null,
          null,
          1,
          1,
          1,
          null,
          null,
          1,
          1,
          1,
          null,
          null,
          null,
          null,
          1,
          1,
          1,
          4,
          4,
          null,
          null,
          1,
          1,
          1,
          1,
          1,
          null,
          null,
          null,
          1,
          1,
          1,
          1,
          null,
          null,
          null,
          1,
          1,
          1,
          1,
          null,
          null,
          null,
          1,
          1,
          1,
          null,
          null,
          null,
          null,
          1,
          1,
          1,
          1,
          null,
          null,
          1,
          1,
          1,
          null,
          null,
          null,
          null,
          1,
          1,
          4,
          null,
          null,
          1,
          1,
          3,
          3,
          null,
          null,
          1,
          1,
          1,
          1,
          1,
          null,
          null,
          1,
          1,
          1,
          1,
          null,
          null,
          null,
          1,
          1,
          1,
          1,
          null,
          null,
          null,
          null,
          1,
          1,
          2,
          null,
          null,
          1,
          1,
          1,
          null,
          null,
          1,
          1,
          1,
          null,
          null,
          null,
          null,
          1,
          1,
          1,
          2,
          2,
          null,
          null,
          1,
          1,
          1,
          null,
          null,
          null,
          1,
          1,
          1,
          null,
          null,
          null,
          1,
          1,
          2,
          null,
          null,
          1,
          1,
          1,
          null,
          null,
          1,
          1,
          1,
          null,
          null,
          null,
          null
        ]
      },
      "/Users/naoyuki/lerning/rails/belayer/spec/requests/rooms_spec.rb": {
        "lines": [
          1,
          null,
          1,
          null,
          1,
          9,
          9,
          9,
          9,
          null,
          null,
          null,
          null,
          9,
          null,
          null,
          null,
          null,
          null,
          null,
          null,
          1,
          1,
          1,
          2,
          null,
          null,
          1,
          1,
          1,
          null,
          null,
          1,
          1,
          1,
          null,
          null,
          null,
          1,
          1,
          1,
          1,
          null,
          null,
          1,
          1,
          1,
          null,
          null,
          null,
          null,
          1,
          1,
          1,
          3,
          null,
          null,
          null,
          null,
          null,
          null,
          null,
          1,
          1,
          1,
          1,
          null,
          null,
          1,
          1,
          1,
          1,
          null,
          null,
          1,
          1,
          1,
          1,
          1,
          null,
          null,
          null,
          1,
          1,
          1,
          1,
          null,
          null,
          1,
          1,
          1,
          null,
          null,
          null,
          null
        ]
      },
      "/Users/naoyuki/lerning/rails/belayer/spec/system/sign_in_spec.rb": {
        "lines": [
          1,
          null,
          1,
          1,
          3,
          3,
          3,
          null,
          null,
          1,
          1,
          1,
          1,
          null,
          1,
          null,
          null,
          1,
          1,
          1,
          1,
          null,
          1,
          1,
          null,
          null,
          1,
          1,
          1,
          1,
          null,
          1,
          1,
          null,
          null
        ]
      },
      "/Users/naoyuki/lerning/rails/belayer/spec/system/sign_up_spec.rb": {
        "lines": [
          1,
          null,
          1,
          1,
          3,
          null,
          null,
          1,
          1,
          1,
          1,
          1,
          1,
          null,
          null,
          null,
          1,
          null,
          null,
          1,
          1,
          null,
          1,
          1,
          1,
          1,
          1,
          null,
          1,
          1,
          null,
          null,
          1,
          1,
          null,
          1,
          1,
          1,
          1,
          1,
          null,
          1,
          1,
          null,
          null
        ]
      },
      "/Users/naoyuki/lerning/rails/belayer/app/controllers/answers_controller.rb": {
        "lines": [
          1,
          1,
          2,
          0,
          0,
          0,
          null,
          2,
          null,
          null,
          1,
          4,
          4,
          4,
          4,
          null,
          4,
          2,
          null,
          null,
          null,
          null,
          null,
          null,
          2,
          4,
          2,
          null,
          null,
          2,
          4,
          2,
          null,
          null,
          null,
          null,
          null,
          null,
          null,
          null,
          null,
          null,
          null,
          null,
          null,
          null,
          null,
          null,
          null,
          null,
          null,
          null,
          null,
          null,
          null,
          null,
          null,
          null,
          null,
          null,
          null,
          1,
          null,
          1,
          4,
          null,
          null,
          null
        ]
      },
      "/Users/naoyuki/lerning/rails/belayer/app/controllers/application_controller.rb": {
        "lines": [
          1,
          1,
          1,
          null,
          1,
          null,
          1,
          0,
          null,
          null,
          1,
          14,
          null,
          null
        ]
      },
      "/Users/naoyuki/lerning/rails/belayer/app/controllers/posts_controller.rb": {
        "lines": [
          1,
          null,
          1,
          4,
          null,
          null,
          null,
          1,
          2,
          null,
          null,
          null,
          1,
          2,
          null,
          null,
          null,
          1,
          2,
          null,
          null,
          null,
          1,
          4,
          null,
          4,
          4,
          null,
          4,
          2,
          null,
          4,
          2,
          null,
          null,
          null,
          null,
          null,
          1,
          3,
          3,
          3,
          4,
          2,
          null,
          2,
          1,
          null,
          null,
          null,
          null,
          null,
          1,
          2,
          2,
          2,
          4,
          2,
          null,
          null,
          null,
          1,
          null,
          1,
          7,
          null,
          null
        ]
      },
      "/Users/naoyuki/lerning/rails/belayer/app/controllers/rooms_controller.rb": {
        "lines": [
          1,
          1,
          2,
          2,
          null,
          null,
          1,
          3,
          null,
          null,
          3,
          null,
          6,
          6,
          6,
          null,
          null,
          null,
          null,
          1,
          0,
          0,
          0,
          0,
          0,
          null,
          null,
          0,
          0,
          0,
          null,
          null,
          null,
          null,
          1,
          null,
          1,
          0,
          null,
          null
        ]
      }
    },
    "timestamp": 1638383378
  }
}
